Norm checking for Ground State 1
-1  0.153512
-0.98  0.41078
-0.96  0.427102
-0.94  0.307478
-0.92  0.315292
-0.9  0.441715
-0.88  0.40534
-0.86  0.213609
-0.84  0.355649
-0.82  0.434585
-0.8  0.354197
-0.78  0.273331
-0.76  0.238699
-0.74  0.508156
-0.72  0.392916
-0.7  0.332955
-0.68  0.314373
-0.66  0.205813
-0.64  0.51347
-0.62  0.367258
-0.6  0.310233
-0.58  0.401382
-0.56  0.243751
-0.54  0.222119
-0.52  0.535327
-0.5  0.378172
-0.48  0.349537
-0.46  0.428502
-0.44  0.226977
-0.42  0.328681
-0.4  0.316639
-0.38  0.447645
-0.36  0.466627
-0.34  0.387931
-0.32  0.332297
-0.3  0.360253
-0.28  0.222074
-0.26  0.334993
-0.24  0.640162
-0.22  0.349272
-0.2  0.398391
-0.18  0.398279
-0.16  0.281503
-0.14  0.33509
-0.12  0.286363
-0.1  0.616138
-0.08  0.380731
-0.06  0.537352
-0.04  0.407161
-0.02  0.282584
0  0.367667
0.02  0.267628
0.04  0.563352
0.06  0.601597
0.08  0.484412
0.1  0.436032
0.12  0.277914
0.14  0.443849
0.16  0.268577
0.18  0.670912
0.2  0.470141
0.22  0.477238
0.24  0.591788
0.26  0.417516
0.28  0.310927
0.3  0.349809
0.32  0.684583
0.34  0.590809
0.36  0.593413
0.38  0.485552
0.4  0.416288
0.42  0.466907
0.44  0.361363
0.46  0.786205
0.48  0.57542
0.5  0.59944
0.52  0.681215
0.54  0.398654
0.56  0.380445
0.58  0.765103
0.6  0.724389
0.62  0.572271
0.64  0.791768
0.66  0.435963
0.68  0.478874
0.7  0.860908
0.72  0.793456
0.74  0.956045
0.76  0.425676
0.78  0.528742
0.8  1.03652
0.82  0.902471
0.84  0.745485
0.86  0.613549
0.88  1.14093
0.9  1.05519
0.92  0.712803
0.94  1.16903
0.96  1.08747
0.98  1.49601
1  0.515294
1
