Norm checking for Ground State 1
-1  0.0042392
-0.98  0.00807004
-0.96  0.00106298
-0.94  0.00253535
-0.92  0.000317595
-0.9  0.000338457
-0.88  0.000411461
-0.86  0.000201549
-0.84  0.000267664
-0.82  0.000326714
-0.8  0.000233078
-0.78  0.000155397
-0.76  0.00014668
-0.74  0.000319906
-0.72  0.000238918
-0.7  0.000261251
-0.68  8.76811e-05
-0.66  0.000117215
-0.64  0.000310329
-0.62  0.000225427
-0.6  0.000240756
-0.58  0.000232734
-0.56  0.000104531
-0.54  7.55315e-05
-0.52  0.000340687
-0.5  0.000225567
-0.48  0.000185595
-0.46  0.00025678
-0.44  9.76617e-05
-0.42  0.000156375
-0.4  0.000175429
-0.38  0.000334969
-0.36  0.000270212
-0.34  0.000244628
-0.32  0.000274592
-0.3  7.89544e-05
-0.28  8.51192e-05
-0.26  0.000384266
-0.24  0.000424884
-0.22  0.000245671
-0.2  0.000298044
-0.18  0.000202793
-0.16  0.000259685
-0.14  0.000139007
-0.12  0.000229192
-0.1  0.000516968
-0.08  0.000417996
-0.06  0.000459144
-0.04  0.000452706
-0.02  6.27144e-05
0  0.000192554
0.02  0.000107717
0.04  0.00107423
0.06  0.000877231
0.08  0.000503544
0.1  0.000492161
0.12  0.000383881
0.14  0.000289315
0.16  0.000424254
0.18  0.00131341
0.2  0.00085944
0.22  0.000760977
0.24  0.0008396
0.26  0.00081585
0.28  0.000420397
0.3  0.000387596
0.32  0.00288199
0.34  0.00256194
0.36  0.00185416
0.38  0.00160618
0.4  0.000754674
0.42  0.00131474
0.44  0.000805517
0.46  0.00782875
0.48  0.00452657
0.5  0.00323074
0.52  0.00350724
0.54  0.00193519
0.56  0.00183889
0.58  0.0284935
0.6  0.014676
0.62  0.0154941
0.64  0.0104202
0.66  0.00653735
0.68  0.00295831
0.7  0.169988
0.72  0.0807979
0.74  0.0485088
0.76  0.0314824
0.78  0.0322181
0.8  0.81587
0.82  0.324168
0.84  0.263969
0.86  0.212144
0.88  3.29918
0.9  1.37742
0.92  1.17891
0.94  9.15487
0.96  5.03747
0.98  18.6132
1  9.20952
1
