Norm checking for Ground State 1
-1  0.0635926
-0.98  0.148848
-0.96  0.189975
-0.94  0.104102
-0.92  0.150053
-0.9  0.199053
-0.88  0.172981
-0.86  0.0807634
-0.84  0.159589
-0.82  0.211413
-0.8  0.141688
-0.78  0.121997
-0.76  0.126988
-0.74  0.246771
-0.72  0.186403
-0.7  0.140403
-0.68  0.162939
-0.66  0.077816
-0.64  0.285026
-0.62  0.206461
-0.6  0.119069
-0.58  0.197724
-0.56  0.120955
-0.54  0.107277
-0.52  0.320714
-0.5  0.205714
-0.48  0.16229
-0.46  0.232701
-0.44  0.099729
-0.42  0.172899
-0.4  0.180593
-0.38  0.300273
-0.36  0.281021
-0.34  0.215411
-0.32  0.134866
-0.3  0.237809
-0.28  0.116279
-0.26  0.202213
-0.24  0.470257
-0.22  0.188897
-0.2  0.261544
-0.18  0.203657
-0.16  0.182153
-0.14  0.179877
-0.12  0.198978
-0.1  0.535768
-0.08  0.235336
-0.06  0.349633
-0.04  0.247831
-0.02  0.185101
0  0.267904
0.02  0.162685
0.04  0.507345
0.06  0.461821
0.08  0.402782
0.1  0.271857
0.12  0.19718
0.14  0.359813
0.16  0.165219
0.18  0.678881
0.2  0.41885
0.22  0.42243
0.24  0.434358
0.26  0.349032
0.28  0.277199
0.3  0.262593
0.32  0.758914
0.34  0.618426
0.36  0.539232
0.38  0.427525
0.4  0.38482
0.42  0.436956
0.44  0.343291
0.46  0.977129
0.48  0.617983
0.5  0.651407
0.52  0.651504
0.54  0.463585
0.56  0.403824
0.58  0.998775
0.6  0.932907
0.62  0.690273
0.64  0.902798
0.66  0.534211
0.68  0.532661
0.7  1.32669
0.72  1.0709
0.74  1.22125
0.76  0.571147
0.78  0.696061
0.8  1.7157
0.82  1.31861
0.84  1.04079
0.86  0.992413
0.88  1.96703
0.9  1.65883
0.92  1.15052
0.94  2.20663
0.96  1.85382
0.98  2.86513
1  1.01488
1
