Norm checking for Ground State 1
-1  0.0111133
-0.98  0.0241163
-0.96  0.0332713
-0.94  0.0167054
-0.92  0.0277253
-0.9  0.0381034
-0.88  0.0324029
-0.86  0.0121748
-0.84  0.0298126
-0.82  0.0440542
-0.8  0.0271675
-0.78  0.0204675
-0.76  0.0285953
-0.74  0.0558664
-0.72  0.0411386
-0.7  0.0268556
-0.68  0.0356402
-0.66  0.0109553
-0.64  0.077486
-0.62  0.055006
-0.6  0.0215467
-0.58  0.0470401
-0.56  0.0258916
-0.54  0.0241602
-0.52  0.101651
-0.5  0.0610179
-0.48  0.0322651
-0.46  0.0707098
-0.44  0.0180682
-0.42  0.0475619
-0.4  0.0552787
-0.38  0.109572
-0.36  0.0964308
-0.34  0.070676
-0.32  0.0283287
-0.3  0.082588
-0.28  0.0311449
-0.26  0.0749352
-0.24  0.212269
-0.22  0.05557
-0.2  0.10408
-0.18  0.0639426
-0.16  0.0710028
-0.14  0.0533356
-0.12  0.0833944
-0.1  0.295709
-0.08  0.0973911
-0.06  0.151135
-0.04  0.103539
-0.02  0.0730356
0  0.128363
0.02  0.0585846
0.04  0.314358
0.06  0.248964
0.08  0.225748
0.1  0.13417
0.12  0.096784
0.14  0.195258
0.16  0.0597244
0.18  0.488395
0.2  0.287225
0.22  0.274948
0.24  0.248346
0.26  0.207317
0.28  0.176507
0.3  0.155374
0.32  0.613419
0.34  0.518287
0.36  0.373702
0.38  0.309684
0.4  0.277716
0.42  0.314283
0.44  0.242344
0.46  0.971878
0.48  0.543971
0.5  0.564507
0.52  0.514361
0.54  0.428931
0.56  0.345238
0.58  1.11392
0.6  0.960615
0.62  0.727577
0.64  0.868726
0.66  0.539407
0.68  0.499285
0.7  1.73248
0.72  1.24825
0.74  1.34085
0.76  0.666884
0.78  0.809473
0.8  2.44445
0.82  1.71276
0.84  1.29586
0.86  1.37004
0.88  3.02933
0.9  2.33547
0.92  1.70036
0.94  3.65972
0.96  2.90544
0.98  4.8953
1  1.81351
1
