Norm checking for Ground State 1
-1  0.0248127
-0.98  0.0547351
-0.96  0.0742584
-0.94  0.0375481
-0.92  0.0607118
-0.9  0.0809127
-0.88  0.0693321
-0.86  0.0286806
-0.84  0.0636299
-0.82  0.0901933
-0.8  0.0565203
-0.78  0.0462218
-0.76  0.0569814
-0.74  0.10852
-0.72  0.0808364
-0.7  0.0563549
-0.68  0.071063
-0.66  0.0262224
-0.64  0.139323
-0.62  0.100253
-0.6  0.044988
-0.58  0.0889546
-0.56  0.0518144
-0.54  0.0470108
-0.52  0.169622
-0.5  0.104107
-0.48  0.0661852
-0.46  0.119864
-0.44  0.0384889
-0.42  0.0833297
-0.4  0.09287
-0.38  0.172992
-0.36  0.154177
-0.34  0.114109
-0.32  0.0549522
-0.3  0.132861
-0.28  0.0554326
-0.26  0.115043
-0.24  0.303288
-0.22  0.0946137
-0.2  0.156209
-0.18  0.104595
-0.16  0.106539
-0.14  0.0902435
-0.12  0.122825
-0.1  0.390958
-0.08  0.141851
-0.06  0.216073
-0.04  0.149996
-0.02  0.109445
0  0.178296
0.02  0.0909118
0.04  0.394482
0.06  0.326673
0.08  0.294398
0.1  0.178975
0.12  0.132215
0.14  0.25751
0.16  0.0931963
0.18  0.57773
0.2  0.343039
0.22  0.335407
0.24  0.314896
0.26  0.262853
0.28  0.218373
0.3  0.194921
0.32  0.692192
0.34  0.571488
0.36  0.445213
0.38  0.359714
0.4  0.324577
0.42  0.367942
0.44  0.287044
0.46  1.00874
0.48  0.587617
0.5  0.616077
0.52  0.578113
0.54  0.457414
0.56  0.378723
0.58  1.10002
0.6  0.981856
0.62  0.732755
0.64  0.907791
0.66  0.553448
0.68  0.527632
0.7  1.61429
0.72  1.21077
0.74  1.3304
0.76  0.647695
0.78  0.78446
0.8  2.2
0.82  1.59342
0.84  1.22174
0.86  1.25011
0.88  2.63945
0.9  2.10515
0.92  1.50359
0.94  3.1028
0.96  2.51056
0.98  4.1
1  1.49279
1
