Norm checking for Ground State 1
-1  0.0838421
-0.98  0.203123
-0.96  0.248491
-0.94  0.144486
-0.92  0.193122
-0.9  0.258823
-0.88  0.227059
-0.86  0.110333
-0.84  0.20888
-0.82  0.269703
-0.8  0.188678
-0.78  0.161052
-0.76  0.158374
-0.74  0.31464
-0.72  0.23893
-0.7  0.185188
-0.68  0.205824
-0.66  0.107905
-0.64  0.349942
-0.62  0.252999
-0.6  0.162245
-0.58  0.250734
-0.56  0.154493
-0.54  0.137075
-0.52  0.385207
-0.5  0.252593
-0.48  0.211474
-0.46  0.284228
-0.44  0.132455
-0.42  0.215697
-0.4  0.219927
-0.38  0.349262
-0.36  0.335737
-0.34  0.262353
-0.32  0.180453
-0.3  0.279149
-0.28  0.145345
-0.26  0.240476
-0.24  0.530573
-0.22  0.233249
-0.2  0.303981
-0.18  0.252813
-0.16  0.213728
-0.14  0.222528
-0.12  0.228165
-0.1  0.576546
-0.08  0.276365
-0.06  0.40597
-0.04  0.291392
-0.02  0.216238
0  0.301016
0.02  0.194173
0.04  0.537261
0.06  0.510491
0.08  0.436646
0.1  0.314598
0.12  0.222471
0.14  0.393385
0.16  0.196335
0.18  0.695356
0.2  0.440258
0.22  0.447549
0.24  0.481636
0.26  0.376335
0.28  0.293526
0.3  0.288863
0.32  0.757889
0.34  0.621259
0.36  0.564443
0.38  0.448144
0.4  0.400468
0.42  0.454279
0.44  0.356555
0.46  0.936403
0.48  0.615521
0.5  0.64763
0.52  0.668388
0.54  0.452669
0.56  0.403506
0.58  0.939451
0.6  0.887807
0.62  0.660975
0.64  0.880837
0.66  0.513802
0.68  0.522981
0.7  1.19599
0.72  0.99785
0.74  1.15525
0.76  0.531582
0.78  0.651363
0.8  1.51647
0.82  1.19871
0.84  0.958668
0.86  0.882803
0.88  1.71324
0.9  1.4792
0.92  1.01564
0.94  1.88231
0.96  1.61361
0.98  2.43024
1  0.852313
1
