Norm checking for Ground State 1
-1  4.07031e-06
-0.98  1.0025e-05
-0.96  1.40773e-05
-0.94  1.07627e-05
-0.92  1.34557e-05
-0.9  3.96138e-05
-0.88  2.96662e-05
-0.86  2.92667e-06
-0.84  4.07435e-05
-0.82  7.49892e-05
-0.8  5.35307e-05
-0.78  1.10991e-05
-0.76  5.26647e-05
-0.74  0.000223978
-0.72  0.000144205
-0.7  3.99976e-05
-0.68  0.000115503
-0.66  5.48796e-06
-0.64  0.000576271
-0.62  0.000328762
-0.6  0.000107316
-0.58  0.000300894
-0.56  7.18685e-05
-0.54  8.04653e-05
-0.52  0.00151185
-0.5  0.000839414
-0.48  8.45731e-05
-0.46  0.000890948
-0.44  3.16753e-05
-0.42  0.00061288
-0.4  0.00112348
-0.38  0.00239789
-0.36  0.00230956
-0.34  0.00177177
-0.32  0.000160695
-0.3  0.00167793
-0.28  0.000305169
-0.26  0.0027543
-0.24  0.0102312
-0.22  0.000753492
-0.2  0.0040934
-0.18  0.00127193
-0.16  0.00322825
-0.14  0.000709737
-0.12  0.00318746
-0.1  0.0234515
-0.08  0.00553391
-0.06  0.00971017
-0.04  0.00584438
-0.02  0.00337915
0  0.00700642
0.02  0.00249794
0.04  0.0375646
0.06  0.0263612
0.08  0.0223604
0.1  0.0160148
0.12  0.00609691
0.14  0.0177924
0.16  0.00124784
0.18  0.085387
0.2  0.0518629
0.22  0.0453238
0.24  0.0382683
0.26  0.0263483
0.28  0.0228073
0.3  0.0211678
0.32  0.155838
0.34  0.161442
0.36  0.0622856
0.38  0.0747255
0.4  0.0612045
0.42  0.0679424
0.44  0.0404405
0.46  0.417463
0.48  0.194867
0.5  0.184452
0.52  0.154376
0.54  0.150393
0.56  0.0992448
0.58  0.693107
0.6  0.469898
0.62  0.413628
0.64  0.376985
0.66  0.260408
0.68  0.176706
0.7  1.53692
0.72  0.905571
0.74  0.835676
0.76  0.44601
0.78  0.573887
0.8  2.81795
0.82  1.59054
0.84  1.19539
0.86  1.34622
0.88  4.49513
0.9  2.75122
0.92  2.24403
0.94  6.50998
0.96  4.57304
0.98  9.53745
1  3.90726
1
