Norm checking for Ground State 1
-1  0.167447
-0.98  0.454167
-0.96  0.458616
-0.94  0.342302
-0.92  0.335578
-0.9  0.473634
-0.88  0.438849
-0.86  0.233264
-0.84  0.379892
-0.82  0.461431
-0.8  0.386294
-0.78  0.291015
-0.76  0.250673
-0.74  0.538912
-0.72  0.418196
-0.7  0.360098
-0.68  0.329423
-0.66  0.222399
-0.64  0.536654
-0.62  0.383212
-0.6  0.336782
-0.58  0.425415
-0.56  0.256604
-0.54  0.235487
-0.52  0.554267
-0.5  0.396888
-0.48  0.370183
-0.46  0.451798
-0.44  0.241151
-0.42  0.344583
-0.4  0.329414
-0.38  0.457916
-0.36  0.48359
-0.34  0.406406
-0.32  0.3586
-0.3  0.367888
-0.28  0.232847
-0.26  0.347499
-0.24  0.649369
-0.22  0.365411
-0.2  0.409789
-0.18  0.421555
-0.16  0.288563
-0.14  0.350704
-0.12  0.292083
-0.1  0.613535
-0.08  0.395083
-0.06  0.553431
-0.04  0.424064
-0.02  0.289453
0  0.374576
0.02  0.276289
0.04  0.560738
0.06  0.609462
0.08  0.485963
0.1  0.454794
0.12  0.284275
0.14  0.445879
0.16  0.277079
0.18  0.659431
0.2  0.471332
0.22  0.476697
0.24  0.605595
0.26  0.419395
0.28  0.310139
0.3  0.357324
0.32  0.665725
0.34  0.581902
0.36  0.592986
0.38  0.489015
0.4  0.415351
0.42  0.464425
0.44  0.358062
0.46  0.76032
0.48  0.565324
0.5  0.588121
0.52  0.679135
0.54  0.388038
0.56  0.374445
0.58  0.737884
0.6  0.695573
0.62  0.558289
0.64  0.775455
0.66  0.421621
0.68  0.470347
0.7  0.813355
0.72  0.762358
0.74  0.92411
0.76  0.410349
0.78  0.510113
0.8  0.971247
0.82  0.861443
0.84  0.714373
0.86  0.576367
0.88  1.06695
0.9  0.99822
0.92  0.673936
0.94  1.07841
0.96  1.02098
0.98  1.37964
1  0.474751
1
