Norm checking for Ground State 1
-1  0.00357372
-0.98  0.00773155
-0.96  0.0107836
-0.94  0.00554277
-0.92  0.0091849
-0.9  0.0134987
-0.88  0.0113431
-0.86  0.00369253
-0.84  0.0106419
-0.82  0.016488
-0.8  0.0101853
-0.78  0.00664978
-0.76  0.0109987
-0.74  0.0231165
-0.72  0.0167241
-0.7  0.00983811
-0.68  0.0141167
-0.66  0.00339458
-0.64  0.0354859
-0.62  0.0245923
-0.6  0.00845277
-0.58  0.0204786
-0.56  0.0102254
-0.54  0.00993049
-0.52  0.0520336
-0.5  0.0305271
-0.48  0.0124904
-0.46  0.0353605
-0.44  0.00665931
-0.42  0.0233237
-0.4  0.0285386
-0.38  0.0597858
-0.36  0.0527827
-0.34  0.0386933
-0.32  0.012266
-0.3  0.0443018
-0.28  0.0148002
-0.26  0.0434881
-0.24  0.132935
-0.22  0.0279931
-0.2  0.0617098
-0.18  0.034278
-0.16  0.0428169
-0.14  0.0271059
-0.12  0.0502225
-0.1  0.202279
-0.08  0.0606444
-0.06  0.096726
-0.04  0.0649099
-0.02  0.0436916
0  0.0829848
0.02  0.0337643
0.04  0.229827
0.06  0.175195
0.08  0.158131
0.1  0.0944978
0.12  0.0641844
0.14  0.135148
0.16  0.0332941
0.18  0.382464
0.2  0.224216
0.22  0.209883
0.24  0.183954
0.26  0.150785
0.28  0.131163
0.3  0.115264
0.32  0.50897
0.34  0.445418
0.36  0.291139
0.38  0.251359
0.4  0.222802
0.42  0.251698
0.44  0.189878
0.46  0.889226
0.48  0.478625
0.5  0.48871
0.52  0.433491
0.54  0.379969
0.56  0.296008
0.58  1.08538
0.6  0.896932
0.62  0.693913
0.64  0.791872
0.66  0.502756
0.68  0.446943
0.7  1.80192
0.72  1.24327
0.74  1.30046
0.76  0.660308
0.78  0.807003
0.8  2.65202
0.82  1.78845
0.84  1.33887
0.86  1.45687
0.88  3.42224
0.9  2.53395
0.92  1.88643
0.94  4.26606
0.96  3.31535
0.98  5.79161
1  2.18831
1
