Norm checking for Ground State 1
-1  0.121302
-0.98  0.31194
-0.96  0.349234
-0.94  0.228787
-0.92  0.26368
-0.9  0.362157
-0.88  0.325015
-0.86  0.166496
-0.84  0.293162
-0.82  0.36532
-0.8  0.278108
-0.78  0.226523
-0.76  0.206455
-0.74  0.427279
-0.72  0.327615
-0.7  0.266825
-0.68  0.271809
-0.66  0.163193
-0.64  0.448921
-0.62  0.322624
-0.6  0.244097
-0.58  0.338398
-0.56  0.20799
-0.54  0.186674
-0.52  0.478935
-0.5  0.327213
-0.48  0.293052
-0.46  0.368023
-0.44  0.188064
-0.42  0.283738
-0.4  0.279395
-0.38  0.413766
-0.36  0.416753
-0.34  0.337176
-0.32  0.265412
-0.3  0.333226
-0.28  0.191567
-0.26  0.298485
-0.24  0.605329
-0.22  0.303331
-0.2  0.363674
-0.18  0.336848
-0.16  0.257736
-0.14  0.290464
-0.12  0.266624
-0.1  0.612084
-0.08  0.339697
-0.06  0.48829
-0.04  0.360444
-0.02  0.259385
0  0.344653
0.02  0.240487
0.04  0.561933
0.06  0.5721
0.08  0.472664
0.1  0.385547
0.12  0.257813
0.14  0.430709
0.16  0.241912
0.18  0.692093
0.2  0.46254
0.22  0.471906
0.24  0.550271
0.26  0.406552
0.28  0.308486
0.3  0.326927
0.32  0.725806
0.34  0.609341
0.36  0.588176
0.38  0.473216
0.4  0.414346
0.42  0.467707
0.44  0.364861
0.46  0.852715
0.48  0.597338
0.5  0.624961
0.52  0.681418
0.54  0.424339
0.56  0.393383
0.58  0.837768
0.6  0.797281
0.62  0.609432
0.64  0.832319
0.66  0.471384
0.68  0.499505
0.7  0.993739
0.72  0.877384
0.74  1.04012
0.76  0.46814
0.78  0.578887
0.8  1.22236
0.82  1.01821
0.84  0.83089
0.86  0.718635
0.88  1.35647
0.9  1.21809
0.92  0.826426
0.94  1.4351
0.96  1.2831
0.98  1.84079
1  0.637464
1
