Norm checking for Ground State 1
-1  0.179933
-0.98  0.493147
-0.96  0.485922
-0.94  0.373655
-0.92  0.352923
-0.9  0.501111
-0.88  0.46827
-0.86  0.250463
-0.84  0.400349
-0.82  0.484161
-0.8  0.414546
-0.78  0.305723
-0.76  0.26061
-0.74  0.564585
-0.72  0.439511
-0.7  0.383676
-0.68  0.341503
-0.66  0.236332
-0.64  0.555458
-0.62  0.396152
-0.6  0.359454
-0.58  0.445532
-0.56  0.266985
-0.54  0.246577
-0.52  0.569007
-0.5  0.412202
-0.48  0.386978
-0.46  0.471408
-0.44  0.252619
-0.42  0.357274
-0.4  0.339451
-0.38  0.465431
-0.36  0.496863
-0.34  0.421431
-0.32  0.380782
-0.3  0.373156
-0.28  0.24143
-0.26  0.357292
-0.24  0.655393
-0.22  0.378228
-0.2  0.41854
-0.18  0.440836
-0.16  0.293568
-0.14  0.363049
-0.12  0.296096
-0.1  0.609769
-0.08  0.406452
-0.06  0.56567
-0.04  0.437728
-0.02  0.294311
0  0.379556
0.02  0.282743
0.04  0.55733
0.06  0.614586
0.08  0.486076
0.1  0.470147
0.12  0.289005
0.14  0.446339
0.16  0.28341
0.18  0.648572
0.2  0.471623
0.22  0.475184
0.24  0.616188
0.26  0.42001
0.28  0.308781
0.3  0.363023
0.32  0.648841
0.34  0.573748
0.36  0.591633
0.38  0.491359
0.4  0.41387
0.42  0.461457
0.44  0.354502
0.46  0.738627
0.48  0.556185
0.5  0.578073
0.52  0.676547
0.54  0.378882
0.56  0.369007
0.58  0.715393
0.6  0.671205
0.62  0.546692
0.64  0.761511
0.66  0.409333
0.68  0.462952
0.7  0.774958
0.72  0.73679
0.74  0.897528
0.76  0.397913
0.78  0.494742
0.8  0.919013
0.82  0.828424
0.84  0.688968
0.86  0.5465
0.88  1.00838
0.9  0.952669
0.92  0.643201
0.94  1.00695
0.96  0.968561
0.98  1.28827
1  0.44319
1
