Norm checking for Ground State 1
-1  0.000143109
-0.98  0.000287533
-0.96  4.22601e-05
-0.94  0.000107842
-0.92  1.17142e-05
-0.9  1.07957e-05
-0.88  1.909e-05
-0.86  8.11664e-06
-0.84  9.40814e-06
-0.82  1.05418e-05
-0.8  7.68982e-06
-0.78  6.6479e-06
-0.76  6.70051e-06
-0.74  1.29433e-05
-0.72  1.08131e-05
-0.7  1.506e-05
-0.68  3.56252e-06
-0.66  4.96828e-06
-0.64  1.33172e-05
-0.62  1.04529e-05
-0.6  1.13145e-05
-0.58  1.32226e-05
-0.56  4.3188e-06
-0.54  3.66065e-06
-0.52  1.51679e-05
-0.5  1.00144e-05
-0.48  8.78344e-06
-0.46  1.2974e-05
-0.44  4.22447e-06
-0.42  6.60285e-06
-0.4  1.1368e-05
-0.38  2.01255e-05
-0.36  1.88488e-05
-0.34  1.63712e-05
-0.32  1.04405e-05
-0.3  9.02254e-06
-0.28  3.54269e-06
-0.26  3.54888e-05
-0.24  9.9133e-05
-0.22  1.17873e-05
-0.2  4.07199e-05
-0.18  1.22814e-05
-0.16  3.23117e-05
-0.14  7.12336e-06
-0.12  2.77877e-05
-0.1  0.000427732
-0.08  0.000112387
-0.06  0.00016299
-0.04  9.10219e-05
-0.02  5.67139e-05
0  7.82892e-05
0.02  4.16204e-05
0.04  0.00135775
0.06  0.000859627
0.08  0.000715705
0.1  0.000555429
0.12  8.47076e-05
0.14  0.000481415
0.16  1.33453e-05
0.18  0.00531258
0.2  0.00330423
0.22  0.00279745
0.24  0.002321
0.26  0.00118001
0.28  0.00111201
0.3  0.000885965
0.32  0.0178894
0.34  0.0203301
0.36  0.0034109
0.38  0.0083711
0.4  0.00634242
0.42  0.00635354
0.44  0.00192425
0.46  0.0867765
0.48  0.0340014
0.5  0.0310906
0.52  0.0257316
0.54  0.0239236
0.56  0.0117697
0.58  0.231905
0.6  0.121343
0.62  0.135245
0.64  0.0894199
0.66  0.0638012
0.68  0.0240263
0.7  0.779238
0.72  0.408134
0.74  0.312686
0.76  0.169094
0.78  0.229536
0.8  2.06534
0.82  0.953752
0.84  0.74882
0.86  0.780052
0.88  4.59349
0.9  2.27442
0.92  1.99055
0.94  8.397
0.96  5.21423
0.98  13.9035
1  6.21341
1
