Norm checking for Ground State 1
-1  0.000745978
-0.98  0.00163796
-0.96  0.00230738
-0.94  0.0012638
-0.92  0.00201926
-0.9  0.00336328
-0.88  0.00276832
-0.86  0.000719377
-0.84  0.00273883
-0.82  0.00447871
-0.8  0.00283707
-0.78  0.00146498
-0.76  0.00306544
-0.74  0.00742303
-0.72  0.00522804
-0.7  0.00261378
-0.68  0.00428483
-0.66  0.000727477
-0.64  0.0129844
-0.62  0.00866003
-0.6  0.00268675
-0.58  0.00718589
-0.56  0.00306004
-0.54  0.00311772
-0.52  0.0221598
-0.5  0.012709
-0.48  0.00368893
-0.46  0.0145592
-0.44  0.00183361
-0.42  0.00960391
-0.4  0.0126262
-0.38  0.027422
-0.36  0.0247308
-0.34  0.0183223
-0.32  0.00429267
-0.3  0.0200421
-0.28  0.00577301
-0.26  0.022047
-0.24  0.0727173
-0.22  0.0116964
-0.2  0.0319299
-0.18  0.0155841
-0.16  0.0229559
-0.14  0.0113937
-0.12  0.0261266
-0.1  0.122539
-0.08  0.0335969
-0.06  0.0555272
-0.04  0.0361749
-0.02  0.0230299
0  0.0467812
0.02  0.0172061
0.04  0.151168
0.06  0.111706
0.08  0.0993127
0.1  0.0614958
0.12  0.0373795
0.14  0.0836107
0.16  0.0154621
0.18  0.272511
0.2  0.160298
0.22  0.14673
0.24  0.125988
0.26  0.0994068
0.28  0.0876097
0.3  0.0777381
0.32  0.390037
0.34  0.357742
0.36  0.205843
0.38  0.189572
0.4  0.165034
0.42  0.18598
0.44  0.134853
0.46  0.763912
0.48  0.394792
0.5  0.394432
0.52  0.341572
0.54  0.313273
0.56  0.234374
0.58  1.00824
0.6  0.790798
0.62  0.629741
0.64  0.679135
0.66  0.44273
0.68  0.371471
0.7  1.80553
0.72  1.18791
0.74  1.20316
0.76  0.622808
0.78  0.770194
0.8  2.80138
0.82  1.80352
0.84  1.34192
0.86  1.49369
0.88  3.80523
0.9  2.68117
0.92  2.04853
0.94  4.92472
0.96  3.72989
0.98  6.81002
1  2.63193
1
