Norm checking for Ground State 1
-1  8.48687e-05
-0.98  0.000194283
-0.96  0.00027855
-0.94  0.000171867
-0.92  0.000252978
-0.9  0.000523107
-0.88  0.000415423
-0.86  7.48662e-05
-0.84  0.000460233
-0.82  0.000798916
-0.8  0.00053265
-0.78  0.000190613
-0.76  0.000557937
-0.74  0.00169862
-0.72  0.00115107
-0.7  0.000451557
-0.68  0.000925314
-0.66  9.42689e-05
-0.64  0.00350804
-0.62  0.00220302
-0.6  0.000661309
-0.58  0.00188512
-0.56  0.000631668
-0.54  0.000675832
-0.52  0.00725042
-0.5  0.00407744
-0.48  0.000754409
-0.46  0.00454879
-0.44  0.000336736
-0.42  0.00305245
-0.4  0.00451974
-0.38  0.00988262
-0.36  0.0092197
-0.34  0.00694738
-0.32  0.00109364
-0.3  0.00711684
-0.28  0.00169387
-0.26  0.0091955
-0.24  0.0324718
-0.22  0.0037229
-0.2  0.013547
-0.18  0.00551879
-0.16  0.010215
-0.14  0.00360679
-0.12  0.0109548
-0.1  0.0621852
-0.08  0.0157118
-0.06  0.0269221
-0.04  0.0169102
-0.02  0.0101684
0  0.0214887
0.02  0.00745678
0.04  0.0853742
0.06  0.0614676
0.08  0.053423
0.1  0.0352537
0.12  0.0178554
0.14  0.0439965
0.16  0.00547723
0.18  0.169795
0.2  0.101032
0.22  0.0904071
0.24  0.0767184
0.26  0.0571354
0.28  0.050304
0.3  0.0455295
0.32  0.268154
0.34  0.260542
0.36  0.12654
0.38  0.12907
0.4  0.109497
0.42  0.122797
0.44  0.0829497
0.46  0.602886
0.48  0.297583
0.5  0.289658
0.52  0.245866
0.54  0.234079
0.56  0.166094
0.58  0.878395
0.6  0.645923
0.62  0.535678
0.64  0.537254
0.66  0.360668
0.68  0.278032
0.7  1.72595
0.72  1.07729
0.74  1.04794
0.76  0.551844
0.78  0.694174
0.8  2.87084
0.82  1.744
0.84  1.29842
0.86  1.46443
0.88  4.17222
0.9  2.76245
0.92  2.17581
0.94  5.66314
0.96  4.15133
0.98  8.02223
1  3.18351
1
