============================================================
running job 'diag' (600120)
on node 'gregoire' in partition 'serial'
on cluster 'feynman'
as 'tapas' (1172)
============================================================
Jmax =  2
angleNum =  6
|------------------------------------------------
| A list of Gaussian quadrature points of Legendre polynomials - 

[-0.94910791 -0.74153119 -0.40584515  0.          0.40584515  0.74153119
  0.94910791]

| A list of the corrsponding weights - 

[ 0.12948497  0.27970539  0.38183005  0.41795918  0.38183005  0.27970539
  0.12948497]
|------------------------------------------------
|------------------------------------------------
| Number of basis functions calculations ....
| 
| # of |JKM> basis = 35
| 
| # of even K in |JKM> = 19
| # of odd  K in |JKM> = 16
| 
| # of even K1, even K2 in the |J1K1M1,J2K2M2> = 361
| # of even K1, odd  K2 in the |J1K1M1,J2K2M2> = 304
| # of odd  K1, even K2 in the |J1K1M1,J2K2M2> = 304
| # of odd  K1, odd  K2 in the |J1K1M1,J2K2M2> = 256
| 
| # of |J1K1M1;J2K2M2> basis= # of ChkJKM
| # of |J1K1M1;J2K2M2> basis= 1225
| # of ChkJKM = 1225
|------------------------------------------------
