Norm checking for Ground State 1
-1  0.00286609
-0.98  0.00550958
-0.96  0.00073729
-0.94  0.00178707
-0.92  0.000214023
-0.9  0.000223716
-0.88  0.000283593
-0.86  0.000138973
-0.84  0.000181071
-0.82  0.000217159
-0.8  0.00014786
-0.78  0.000108263
-0.76  0.00010468
-0.74  0.000221623
-0.72  0.000168042
-0.7  0.000191065
-0.68  6.05392e-05
-0.66  8.2051e-05
-0.64  0.000215685
-0.62  0.000159206
-0.6  0.000170496
-0.58  0.000169289
-0.56  7.33574e-05
-0.54  5.35058e-05
-0.52  0.000232889
-0.5  0.000153974
-0.48  0.000132689
-0.46  0.00018049
-0.44  6.92217e-05
-0.42  0.000106403
-0.4  0.000121731
-0.38  0.000227474
-0.36  0.000187031
-0.34  0.000170108
-0.32  0.00018987
-0.3  5.6292e-05
-0.28  5.94307e-05
-0.26  0.000258634
-0.24  0.000282978
-0.22  0.00017156
-0.2  0.000199668
-0.18  0.000141713
-0.16  0.000173612
-0.14  9.63624e-05
-0.12  0.000155001
-0.1  0.000347573
-0.08  0.000281702
-0.06  0.000307398
-0.04  0.00030831
-0.02  4.24718e-05
0  0.000134528
0.02  7.10084e-05
0.04  0.000704485
0.06  0.000572342
0.08  0.000339739
0.1  0.000324014
0.12  0.000254378
0.14  0.000193564
0.16  0.00028048
0.18  0.000844709
0.2  0.000563923
0.22  0.000499822
0.24  0.000542661
0.26  0.000531131
0.28  0.000275768
0.3  0.000248397
0.32  0.00190183
0.34  0.00171336
0.36  0.00111779
0.38  0.00104024
0.4  0.000523619
0.42  0.000828412
0.44  0.000497057
0.46  0.00703767
0.48  0.00341874
0.5  0.00254238
0.52  0.00256855
0.54  0.00144054
0.56  0.00094823
0.58  0.0347322
0.6  0.0143165
0.62  0.0197319
0.64  0.00946688
0.66  0.00674974
0.68  0.00121971
0.7  0.212357
0.72  0.102935
0.74  0.0590233
0.76  0.036094
0.78  0.0419246
0.8  0.977334
0.82  0.387863
0.84  0.316349
0.86  0.269609
0.88  3.56751
0.9  1.50944
0.92  1.3182
0.94  9.17425
0.96  5.12847
0.98  17.9963
1  8.76543
1
