Norm checking for Ground State 1
-1  0.103168
-0.98  0.258107
-0.96  0.301847
-0.94  0.186641
-0.92  0.231058
-0.9  0.313524
-0.88  0.278094
-0.86  0.13929
-0.84  0.253793
-0.82  0.321144
-0.8  0.234663
-0.78  0.196219
-0.76  0.184772
-0.74  0.375172
-0.72  0.286312
-0.7  0.227744
-0.68  0.242187
-0.66  0.136895
-0.64  0.404473
-0.62  0.291561
-0.6  0.204669
-0.58  0.297871
-0.56  0.183679
-0.54  0.16373
-0.52  0.4377
-0.5  0.293187
-0.48  0.255523
-0.46  0.329346
-0.44  0.162327
-0.42  0.252872
-0.4  0.252877
-0.38  0.38648
-0.36  0.38085
-0.34  0.303079
-0.32  0.224748
-0.3  0.310531
-0.28  0.170599
-0.26  0.272566
-0.24  0.574586
-0.22  0.271601
-0.2  0.337696
-0.18  0.297624
-0.16  0.238805
-0.14  0.259646
-0.12  0.250387
-0.1  0.600272
-0.08  0.311173
-0.06  0.452044
-0.04  0.328991
-0.02  0.240854
0  0.32615
0.02  0.22012
0.04  0.554053
0.06  0.546521
0.08  0.458953
0.1  0.352702
0.12  0.242478
0.14  0.416214
0.16  0.221886
0.18  0.697813
0.2  0.454046
0.22  0.463161
0.24  0.519989
0.26  0.394787
0.28  0.303311
0.3  0.310142
0.32  0.744779
0.34  0.617086
0.36  0.579717
0.38  0.462827
0.4  0.409621
0.42  0.463686
0.44  0.362997
0.46  0.893242
0.48  0.607674
0.5  0.637584
0.52  0.67743
0.54  0.43873
0.56  0.399332
0.58  0.88497
0.6  0.841122
0.62  0.633461
0.64  0.856186
0.66  0.49214
0.68  0.511257
0.7  1.08494
0.72  0.932763
0.74  1.09389
0.76  0.496976
0.78  0.612068
0.8  1.35315
0.82  1.09889
0.84  0.888709
0.86  0.791962
0.88  1.51266
0.9  1.33364
0.92  0.909132
0.94  1.62979
0.96  1.42676
0.98  2.09591
1  0.729607
1
