Norm checking for Ground State 1
-1  0.138115
-0.98  0.363176
-0.96  0.390826
-0.94  0.269429
-0.92  0.291533
-0.9  0.404746
-0.88  0.367447
-0.86  0.191351
-0.84  0.326955
-0.82  0.40284
-0.8  0.318103
-0.78  0.252049
-0.76  0.224174
-0.74  0.471301
-0.72  0.362959
-0.7  0.301923
-0.68  0.295508
-0.66  0.186173
-0.64  0.484711
-0.62  0.347427
-0.6  0.279394
-0.58  0.372654
-0.56  0.227786
-0.54  0.206007
-0.52  0.510801
-0.5  0.355248
-0.48  0.32414
-0.46  0.400827
-0.44  0.209482
-0.42  0.308716
-0.4  0.300298
-0.38  0.433463
-0.36  0.44482
-0.34  0.365166
-0.32  0.301334
-0.3  0.349186
-0.28  0.208529
-0.26  0.318969
-0.24  0.626215
-0.22  0.328912
-0.2  0.383421
-0.18  0.370268
-0.16  0.271574
-0.14  0.315329
-0.12  0.278205
-0.1  0.616333
-0.08  0.362578
-0.06  0.516158
-0.04  0.386237
-0.02  0.272903
0  0.358045
0.02  0.256001
0.04  0.564253
0.06  0.589722
0.08  0.480462
0.1  0.413169
0.12  0.269339
0.14  0.439269
0.16  0.257157
0.18  0.682279
0.2  0.467492
0.22  0.476034
0.24  0.573754
0.26  0.41361
0.28  0.310638
0.3  0.339904
0.32  0.704983
0.34  0.600171
0.36  0.592185
0.38  0.480501
0.4  0.416201
0.42  0.468313
0.44  0.363901
0.46  0.816892
0.48  0.586259
0.5  0.611882
0.52  0.682255
0.54  0.410799
0.56  0.386867
0.58  0.798057
0.6  0.758209
0.62  0.589149
0.64  0.810704
0.66  0.452545
0.68  0.488607
0.7  0.920072
0.72  0.831344
0.74  0.994377
0.76  0.444651
0.78  0.551384
0.8  1.11865
0.82  0.95379
0.84  0.783754
0.86  0.660123
0.88  1.23527
0.9  1.12703
0.92  0.762461
0.94  1.28512
0.96  1.17274
0.98  1.64588
1  0.568043
1
