Norm checking for Ground State 1
-1  9.41737e-06
-0.98  1.92577e-05
-0.96  3.1111e-06
-0.94  7.75915e-06
-0.92  9.98977e-07
-0.9  1.57982e-06
-0.88  2.08934e-06
-0.86  5.98998e-07
-0.84  1.81635e-06
-0.82  2.99024e-06
-0.8  2.34567e-06
-0.78  6.35916e-07
-0.76  2.04454e-06
-0.74  1.16569e-05
-0.72  7.28579e-06
-0.7  2.33009e-06
-0.68  5.43729e-06
-0.66  4.07884e-07
-0.64  3.91339e-05
-0.62  1.95267e-05
-0.6  8.46631e-06
-0.58  1.99639e-05
-0.56  3.09387e-06
-0.54  3.52242e-06
-0.52  0.000139359
-0.5  7.70324e-05
-0.48  3.67706e-06
-0.46  7.58704e-05
-0.44  9.41234e-07
-0.42  5.29025e-05
-0.4  0.000141359
-0.38  0.000288138
-0.36  0.000280084
-0.34  0.00021784
-0.32  9.03037e-06
-0.3  0.000188837
-0.28  2.24257e-05
-0.26  0.0004533
-0.24  0.00171806
-0.22  7.00618e-05
-0.2  0.000666226
-0.18  0.000135781
-0.16  0.000535762
-0.14  6.15776e-05
-0.12  0.000479199
-0.1  0.00520079
-0.08  0.00117537
-0.06  0.00204593
-0.04  0.00116133
-0.02  0.000686944
0  0.00124676
0.02  0.000517635
0.04  0.0106728
0.06  0.00722873
0.08  0.0060335
0.1  0.00465316
0.12  0.00114216
0.14  0.00453562
0.16  0.000129324
0.18  0.0297567
0.2  0.0185021
0.22  0.0158119
0.24  0.0133068
0.26  0.00821318
0.28  0.0069986
0.3  0.00652603
0.32  0.0681943
0.34  0.0749973
0.36  0.0209593
0.38  0.0325981
0.4  0.0255597
0.42  0.027704
0.44  0.0131464
0.46  0.231596
0.48  0.100592
0.5  0.0928703
0.52  0.077203
0.54  0.0750484
0.56  0.044544
0.58  0.462652
0.6  0.28201
0.62  0.271732
0.64  0.21747
0.66  0.153425
0.68  0.0849263
0.7  1.21318
0.72  0.672897
0.74  0.577006
0.76  0.310376
0.78  0.410434
0.8  2.57044
0.82  1.32321
0.84  1.01315
0.86  1.11463
0.88  4.68927
0.9  2.60173
0.92  2.20298
0.94  7.45968
0.96  4.95618
0.98  11.4832
1  4.89304
1
