Norm checking for Ground State 1
-1  0.0432485
-0.98  0.0979667
-0.96  0.129531
-0.94  0.0675744
-0.92  0.104051
-0.9  0.137481
-0.88  0.118573
-0.86  0.0525523
-0.84  0.109182
-0.82  0.149221
-0.8  0.096269
-0.78  0.0819708
-0.76  0.091855
-0.74  0.175458
-0.72  0.131734
-0.7  0.0959666
-0.68  0.11606
-0.66  0.0494051
-0.64  0.212323
-0.62  0.153676
-0.6  0.0785926
-0.58  0.141774
-0.56  0.0852681
-0.54  0.0761193
-0.52  0.246454
-0.5  0.154622
-0.48  0.111746
-0.46  0.176378
-0.44  0.0670005
-0.42  0.127111
-0.4  0.13674
-0.38  0.239878
-0.36  0.218626
-0.34  0.164445
-0.32  0.0915999
-0.3  0.187433
-0.28  0.0851804
-0.26  0.159222
-0.24  0.392972
-0.22  0.14107
-0.2  0.211039
-0.18  0.152833
-0.16  0.14528
-0.14  0.134251
-0.12  0.163033
-0.1  0.473777
-0.08  0.189438
-0.06  0.284727
-0.04  0.199672
-0.02  0.14845
0  0.226409
0.02  0.127141
0.04  0.460241
0.06  0.399768
0.08  0.355175
0.1  0.225892
0.12  0.166659
0.14  0.314102
0.16  0.129821
0.18  0.641466
0.2  0.387127
0.22  0.385359
0.24  0.378216
0.26  0.311185
0.28  0.252443
0.3  0.23115
0.32  0.739675
0.34  0.603689
0.36  0.500466
0.38  0.398791
0.4  0.360229
0.42  0.408903
0.44  0.320747
0.46  1.00588
0.48  0.610608
0.5  0.643235
0.52  0.6229
0.54  0.467141
0.56  0.397003
0.58  1.05637
0.6  0.968288
0.62  0.716911
0.64  0.915303
0.66  0.549433
0.68  0.536334
0.7  1.47114
0.72  1.14594
0.74  1.28432
0.76  0.612283
0.78  0.7429
0.8  1.94821
0.82  1.45453
0.84  1.13161
0.86  1.11815
0.88  2.27815
0.9  1.8714
0.92  1.31515
0.94  2.61342
0.96  2.15399
0.98  3.41943
1  1.22648
1
