Norm checking for Ground State 1
-1  0.000992475
-0.98  0.00194834
-0.96  0.000271261
-0.94  0.00067667
-0.92  7.57621e-05
-0.9  7.52628e-05
-0.88  0.000108807
-0.86  5.11802e-05
-0.84  6.34856e-05
-0.82  7.34947e-05
-0.8  4.81931e-05
-0.78  4.07809e-05
-0.76  4.07574e-05
-0.74  8.18257e-05
-0.72  6.4549e-05
-0.7  8.02978e-05
-0.68  2.23253e-05
-0.66  3.09461e-05
-0.64  8.04945e-05
-0.62  6.15775e-05
-0.6  6.63153e-05
-0.58  7.04463e-05
-0.56  2.75089e-05
-0.54  2.10543e-05
-0.52  8.33144e-05
-0.5  5.54154e-05
-0.48  5.22632e-05
-0.46  6.92747e-05
-0.44  2.66172e-05
-0.42  3.77831e-05
-0.4  4.47018e-05
-0.38  7.93658e-05
-0.36  6.83082e-05
-0.34  6.29985e-05
-0.32  6.90827e-05
-0.3  2.22909e-05
-0.28  2.20026e-05
-0.26  8.82885e-05
-0.24  9.52132e-05
-0.22  6.29905e-05
-0.2  6.77284e-05
-0.18  5.27597e-05
-0.16  5.85838e-05
-0.14  3.49996e-05
-0.12  5.34879e-05
-0.1  0.000118217
-0.08  9.83398e-05
-0.06  0.000103858
-0.04  0.000106413
-0.02  1.65829e-05
0  4.93001e-05
0.02  2.40932e-05
0.04  0.000248093
0.06  0.000192038
0.08  0.000124554
0.1  0.000108815
0.12  8.42114e-05
0.14  6.90795e-05
0.16  9.08439e-05
0.18  0.000495608
0.2  0.000309149
0.22  0.000272211
0.24  0.000253557
0.26  0.000163659
0.28  0.000149657
0.3  6.97133e-05
0.32  0.00242983
0.34  0.00254972
0.36  0.000297776
0.38  0.00108947
0.4  0.000825334
0.42  0.000672303
0.44  0.000101253
0.46  0.019045
0.48  0.00656329
0.5  0.00601793
0.52  0.00496297
0.54  0.00394242
0.56  0.00114583
0.58  0.0819252
0.6  0.0340086
0.62  0.0478804
0.64  0.0232753
0.66  0.0171557
0.68  0.00207878
0.7  0.392303
0.72  0.196441
0.74  0.126449
0.76  0.0704203
0.78  0.0945293
0.8  1.42216
0.82  0.592317
0.84  0.477076
0.86  0.452845
0.88  4.11566
0.9  1.83841
0.92  1.63146
0.94  9.01788
0.96  5.25067
0.98  16.3687
1  7.68727
1
